<testsuites id="" name="" tests="30" failures="0" skipped="0" errors="0" time="76.92450500000001">
<testsuite name="web\TC01_RegisterUser.spec.ts" timestamp="2025-12-18T06:15:06.860Z" hostname="chromium" tests="1" failures="0" skipped="0" time="10.19" errors="0">
<testcase name="User Registration › TC01: Register User with Complete Profile" classname="web\TC01_RegisterUser.spec.ts" time="10.19">
</testcase>
</testsuite>
<testsuite name="web\TC02_LoginUser.spec.ts" timestamp="2025-12-18T06:15:06.860Z" hostname="chromium" tests="1" failures="0" skipped="0" time="6.882" errors="0">
<testcase name="User Authentication › TC02: Login User with correct email and password" classname="web\TC02_LoginUser.spec.ts" time="6.882">
</testcase>
</testsuite>
<testsuite name="web\TC03_CartFunctionality.spec.ts" timestamp="2025-12-18T06:15:06.860Z" hostname="chromium" tests="1" failures="0" skipped="0" time="10.802" errors="0">
<testcase name="Shopping Cart Functionality › TC03: Add Multiple Products to Cart and Verify Quantities and Totals" classname="web\TC03_CartFunctionality.spec.ts" time="10.802">
</testcase>
</testsuite>
<testsuite name="web\TC04_RemoveFromCart.spec.ts" timestamp="2025-12-18T06:15:06.860Z" hostname="chromium" tests="1" failures="0" skipped="0" time="11.053" errors="0">
<testcase name="Cart Management › TC04: Remove products from cart and verify empty state" classname="web\TC04_RemoveFromCart.spec.ts" time="11.053">
</testcase>
</testsuite>
<testsuite name="web\TC05_SearchProducts.spec.ts" timestamp="2025-12-18T06:15:06.860Z" hostname="chromium" tests="6" failures="0" skipped="0" time="34.175" errors="0">
<testcase name="Product Search Functionality › Search for valid products: Jeans (Standard search)" classname="web\TC05_SearchProducts.spec.ts" time="7.017">
</testcase>
<testcase name="Product Search Functionality › Search for valid products: T-Shirt (Standard search with punctuation)" classname="web\TC05_SearchProducts.spec.ts" time="5.924">
</testcase>
<testcase name="Product Search Functionality › Search for valid products: tshirt (Case insensitive/punctuation check)" classname="web\TC05_SearchProducts.spec.ts" time="6.128">
</testcase>
<testcase name="Product Search Functionality › Search for valid products: Winter Top (Specific keyword)" classname="web\TC05_SearchProducts.spec.ts" time="4.454">
</testcase>
<testcase name="Product Search Functionality › Navigate to product details from search results" classname="web\TC05_SearchProducts.spec.ts" time="6.238">
</testcase>
<testcase name="Product Search Functionality › Search for non-existent product" classname="web\TC05_SearchProducts.spec.ts" time="4.414">
</testcase>
</testsuite>
<testsuite name="web\TC06_PurchaseFlow.spec.ts" timestamp="2025-12-18T06:15:06.860Z" hostname="chromium" tests="1" failures="0" skipped="0" time="17.316" errors="0">
<testcase name="End-to-End Purchase Flow › TC06: Registered user completes a successful purchase of multiple items" classname="web\TC06_PurchaseFlow.spec.ts" time="17.316">
</testcase>
</testsuite>
<testsuite name="web\TC07_Logout.spec.ts" timestamp="2025-12-18T06:15:06.860Z" hostname="chromium" tests="2" failures="0" skipped="0" time="17.699" errors="0">
<testcase name="TC07: User Logout Logic › Scenario: Verify successful logout and UI updates" classname="web\TC07_Logout.spec.ts" time="7.831">
</testcase>
<testcase name="TC07: User Logout Logic › Scenario: Verify session termination and access restrictions" classname="web\TC07_Logout.spec.ts" time="9.868">
</testcase>
</testsuite>
<testsuite name="web\TC08_CartQuantity.spec.ts" timestamp="2025-12-18T06:15:06.860Z" hostname="chromium" tests="3" failures="0" skipped="0" time="49.064" errors="0">
<testcase name="TC08: Cart Quantity Update › Scenario: Verify subtotal calculations when quantity changes" classname="web\TC08_CartQuantity.spec.ts" time="15.949">
</testcase>
<testcase name="TC08: Cart Quantity Update › Scenario: Verify calculations with multiple products in cart" classname="web\TC08_CartQuantity.spec.ts" time="20.15">
</testcase>
<testcase name="TC08: Cart Quantity Update › Scenario: Handle invalid quantity updates" classname="web\TC08_CartQuantity.spec.ts" time="12.965">
</testcase>
</testsuite>
<testsuite name="web\TC09_ProductFiltering.spec.ts" timestamp="2025-12-18T06:15:06.860Z" hostname="chromium" tests="8" failures="0" skipped="0" time="84.197" errors="0">
<testcase name="TC09: Product Category and Brand Filtering › Filter by Category: Women &gt; Dress" classname="web\TC09_ProductFiltering.spec.ts" time="11.535">
</testcase>
<testcase name="TC09: Product Category and Brand Filtering › Filter by Category: Men &gt; Jeans" classname="web\TC09_ProductFiltering.spec.ts" time="12.348">
</testcase>
<testcase name="TC09: Product Category and Brand Filtering › Filter by Category: Kids &gt; Tops" classname="web\TC09_ProductFiltering.spec.ts" time="8.359">
</testcase>
<testcase name="TC09: Product Category and Brand Filtering › Filter by Brand: Polo" classname="web\TC09_ProductFiltering.spec.ts" time="10.208">
</testcase>
<testcase name="TC09: Product Category and Brand Filtering › Filter by Brand: H&amp;M" classname="web\TC09_ProductFiltering.spec.ts" time="11.104">
</testcase>
<testcase name="TC09: Product Category and Brand Filtering › Filter by Brand: Madame" classname="web\TC09_ProductFiltering.spec.ts" time="10.47">
</testcase>
<testcase name="TC09: Product Category and Brand Filtering › Filter by Brand: Mast &amp; Harbour" classname="web\TC09_ProductFiltering.spec.ts" time="8.679">
</testcase>
<testcase name="TC09: Product Category and Brand Filtering › Scenario: Verify switching between filters updates results correctly" classname="web\TC09_ProductFiltering.spec.ts" time="11.494">
</testcase>
</testsuite>
<testsuite name="web\TC10_ContactForm.spec.ts" timestamp="2025-12-18T06:15:06.860Z" hostname="chromium" tests="6" failures="0" skipped="0" time="42.081" errors="0">
<testcase name="TC10: Contact Form Submission › Scenario: Successful form submission with file attachment" classname="web\TC10_ContactForm.spec.ts" time="7.479">
</testcase>
<testcase name="TC10: Contact Form Submission › Scenario: Verify mandatory field validation" classname="web\TC10_ContactForm.spec.ts" time="7.05">
</testcase>
<testcase name="TC10: Contact Form Submission › Scenario: Verify email format validation - No domain" classname="web\TC10_ContactForm.spec.ts" time="7.678">
</testcase>
<testcase name="TC10: Contact Form Submission › Scenario: Verify email format validation - Missing domain" classname="web\TC10_ContactForm.spec.ts" time="7.115">
</testcase>
<testcase name="TC10: Contact Form Submission › Scenario: Verify email format validation - Missing username" classname="web\TC10_ContactForm.spec.ts" time="6.392">
</testcase>
<testcase name="TC10: Contact Form Submission › Scenario: Verify email format validation - Missing domain name" classname="web\TC10_ContactForm.spec.ts" time="6.367">
</testcase>
</testsuite>
</testsuites>